[0mGET / [32m200[0m 3.206 ms - 52[0m
[0mGET /favicon.ico [33m404[0m 1.735 ms - 45[0m
[0mGET /qrcode?key=31f8fc927db7224d9e3c [33m403[0m 0.354 ms - 47[0m
[0mGET /qrcode?key=31f8fc927db7224d9e3c [33m403[0m 0.349 ms - 47[0m
[0mGET /init [32m200[0m 99.425 ms - 97[0m
[0mGET /init [32m200[0m 3.362 ms - 97[0m
[0mGET /qrcode?key=ac85d1ea-e98d-4fab-a624-f29d1769c631 [32m200[0m 6.170 ms - 4923[0m
[0mGET /qrcode?key=ac85d1ea-e98d-4fab-a624-f29d1769c631 [32m200[0m 1.484 ms - 4831[0m
[0mGET /qrcode?key=ac85d1ea-e98d-4fab-a624-f29d1769c631 [32m200[0m 1.223 ms - 4899[0m
[0mGET /qrcode?key=ac85d1ea-e98d-4fab-a624-f29d1769c631 [36m304[0m 2.653 ms - -[0m
[0mGET /qrcode?key=ac85d1ea-e98d-4fab-a624-f29d1769c631 [36m304[0m 1.091 ms - -[0m
[0mGET /qrcode?key=ac85d1ea-e98d-4fab-a624-f29d1769c631 [36m304[0m 1.439 ms - -[0m
[0mGET /qrcode?key=ac85d1ea-e98d-4fab-a624-f29d1769c631 [36m304[0m 1.842 ms - -[0m
[0mGET /qrcode?key=ac85d1ea-e98d-4fab-a624-f29d1769c631 [36m304[0m 1.659 ms - -[0m
[0mGET /qrcode?key=ac85d1ea-e98d-4fab-a624-f29d1769c631 [36m304[0m 4.014 ms - -[0m
[0mGET /qrcode?key=ac85d1ea-e98d-4fab-a624-f29d1769c631 [36m304[0m 0.730 ms - -[0m
[0mGET /qrcode?key=ac85d1ea-e98d-4fab-a624-f29d1769c631 [36m304[0m 1.231 ms - -[0m
[0mGET /init [32m200[0m 3.694 ms - 97[0m
[0mGET /init [32m200[0m 2.853 ms - 97[0m
[0mGET /qrcode?key=e8ba436b-eec9-40e6-b88c-bf15518cc7aa [32m200[0m 0.919 ms - 4887[0m
[0mGET /qrcode?key=e8ba436b-eec9-40e6-b88c-bf15518cc7aa [36m304[0m 0.904 ms - -[0m
[0mGET /instance?key=http%3A%2F%2Flocalhost%3A3333%2Fqrcode%3Fkey%3De8ba436b-eec9-40e6-b88c-bf15518cc7aa [33m403[0m 0.556 ms - 47[0m
[0mGET /instance?key=http%3A%2F%2Flocalhost%3A3333%2Fqrcode%3Fkey%3De8ba436b-eec9-40e6-b88c-bf15518cc7aa [33m403[0m 0.370 ms - 47[0m
[0mGET /instance?key=e8ba436b-eec9-40e6-b88c-bf15518cc7aa [32m200[0m 0.678 ms - 477[0m
[0mGET /instance?key=e8ba436b-eec9-40e6-b88c-bf15518cc7aa [36m304[0m 0.312 ms - -[0m
[0mPOST /sendText?key=e8ba436b-eec9-40e6-b88c-bf15518cc7aa [33m404[0m 1042.836 ms - 77[0m
[0mPOST /sendText?key=e8ba436b-eec9-40e6-b88c-bf15518cc7aa [33m404[0m 703.003 ms - 77[0m
[0mPOST /sendText?key=e8ba436b-eec9-40e6-b88c-bf15518cc7aa [32m201[0m 1013.820 ms - 213[0m
[0mPOST /sendText?key=e8ba436b-eec9-40e6-b88c-bf15518cc7aa [32m201[0m 1164.333 ms - 213[0m
[0mPOST /sendText?key=e8ba436b-eec9-40e6-b88c-bf15518cc7aa [32m201[0m 1466.163 ms - 213[0m
[0mPOST /sendText?key=e8ba436b-eec9-40e6-b88c-bf15518cc7aa [32m201[0m 1295.545 ms - 213[0m
[0mPOST /sendText?key=e8ba436b-eec9-40e6-b88c-bf15518cc7aa [32m201[0m 1582.586 ms - 213[0m
[0mPOST /sendImage?key=e8ba436b-eec9-40e6-b88c-bf15518cc7aa&id=6289516048994&caption=test [33m403[0m 4.895 ms - 47[0m
[0mPOST /sendImage?key=e8ba436b-eec9-40e6-b88c-bf15518cc7aa&id=6289516048994&caption=test [33m403[0m 1.460 ms - 47[0m
[0mGET /instance?key=e8ba436b-eec9-40e6-b88c-bf15518cc7aa [33m403[0m 0.589 ms - 47[0m
[0mGET /init [32m200[0m 91.316 ms - 97[0m
[0mGET /restore [32m200[0m 8.010 ms - 50[0m
[0mPOST /sendImage?key=e8ba436b-eec9-40e6-b88c-bf15518cc7aa&id=6289516048994&caption=test [32m201[0m 2126.345 ms - 521[0m
[0mPOST /sendVideo?key=e8ba436b-eec9-40e6-b88c-bf15518cc7aa&id=6289516048994&caption=test [33m403[0m 4.865 ms - 47[0m
[0mGET /restore [36m304[0m 90.671 ms - -[0m
[0mPOST /sendVideo?key=e8ba436b-eec9-40e6-b88c-bf15518cc7aa&id=6289516048994&caption=test [32m201[0m 3418.970 ms - 522[0m
[0mPOST /sendVideo?key=e8ba436b-eec9-40e6-b88c-bf15518cc7aa&id=6289516048994&caption=test [33m403[0m 4.859 ms - 47[0m
[0mGET /restore [36m304[0m 102.177 ms - -[0m
[0mPOST /sendImage?key=e8ba436b-eec9-40e6-b88c-bf15518cc7aa&id=6289516048994&caption=test [32m201[0m 1863.769 ms - 521[0m
[0mGET /restore [36m304[0m 98.385 ms - -[0m
[0mPOST /sendText?key=e8ba436b-eec9-40e6-b88c-bf15518cc7aa [32m201[0m 1095.567 ms - 213[0m
[0mPOST /sendImage?key=e8ba436b-eec9-40e6-b88c-bf15518cc7aa&id=6289516048994&caption=test [32m201[0m 2039.895 ms - 521[0m
[0mPOST /sendImage?key=e8ba436b-eec9-40e6-b88c-bf15518cc7aa&id=6289516048994&caption=test [33m403[0m 4.649 ms - 47[0m
[0mGET /restore [36m304[0m 107.770 ms - -[0m
[0mPOST /sendText?key=e8ba436b-eec9-40e6-b88c-bf15518cc7aa [32m201[0m 1068.575 ms - 213[0m
[0mGET /restore [36m304[0m 99.957 ms - -[0m
[0mGET /instance?key=e8ba436b-eec9-40e6-b88c-bf15518cc7aa [32m200[0m 1.742 ms - 477[0m
[0mPOST /sendText?key=e8ba436b-eec9-40e6-b88c-bf15518cc7aa [32m201[0m 3519.643 ms - 213[0m
[0mPOST /sendImage?key=e8ba436b-eec9-40e6-b88c-bf15518cc7aa&id=6289516048994&caption=test [32m201[0m 2010.149 ms - 521[0m
[0mGET /restore [36m304[0m 98.541 ms - -[0m
[0mPOST /sendText?key=e8ba436b-eec9-40e6-b88c-bf15518cc7aa [32m201[0m 1416.459 ms - 213[0m
[0mPOST /sendImage?key=e8ba436b-eec9-40e6-b88c-bf15518cc7aa&id=6289516048994&caption=test [32m201[0m 2978.007 ms - 548[0m
[0mGET /restore [36m304[0m 99.620 ms - -[0m
[0mPOST /sendText?key=e8ba436b-eec9-40e6-b88c-bf15518cc7aa [32m201[0m 1855.474 ms - 213[0m
[0mPOST /sendImage?key=e8ba436b-eec9-40e6-b88c-bf15518cc7aa&id=6289516048994&caption=test [32m201[0m 4228.081 ms - 521[0m
[0mGET /restore [32m200[0m 94.094 ms - 50[0m
[0mGET /restore [32m200[0m 100.332 ms - 50[0m
[0mPOST /sendImage?key=e8ba436b-eec9-40e6-b88c-bf15518cc7aa&id=6289516048994&caption=test [32m201[0m 2535.356 ms - 521[0m
[0mGET /restore [36m304[0m 99.108 ms - -[0m
[0mPOST /sendImage?key=e8ba436b-eec9-40e6-b88c-bf15518cc7aa&id=6289516048994&caption=test [32m201[0m 3774.463 ms - 521[0m
[0mPOST /sendVideo?key=e8ba436b-eec9-40e6-b88c-bf15518cc7aa&id=6289516048994&caption=test [32m201[0m 6350.766 ms - 522[0m
[0mPOST /sendAudio?key=e8ba436b-eec9-40e6-b88c-bf15518cc7aa&id=6289516048994 [32m201[0m 11680.639 ms - 532[0m
[0mPOST /sendDocument?key=e8ba436b-eec9-40e6-b88c-bf15518cc7aa&id=6289516048994 [32m201[0m 1503.963 ms - 530[0m
[0mPOST /sendLocation?key=e8ba436b-eec9-40e6-b88c-bf15518cc7aa [33m404[0m 291.770 ms - 77[0m
[0mPOST /sendLocation?key=e8ba436b-eec9-40e6-b88c-bf15518cc7aa [33m403[0m 3.749 ms - 47[0m
[0mGET /restore [36m304[0m 96.195 ms - -[0m
[0mPOST /sendLocation?key=e8ba436b-eec9-40e6-b88c-bf15518cc7aa [32m201[0m 1057.875 ms - 236[0m
[0mPOST /sendLocation?key=e8ba436b-eec9-40e6-b88c-bf15518cc7aa [32m201[0m 1503.756 ms - 254[0m
[0mPOST /sendVCard?key=e8ba436b-eec9-40e6-b88c-bf15518cc7aa [33m404[0m 0.642 ms - 149[0m
[0mPOST /sendVCard?key=e8ba436b-eec9-40e6-b88c-bf15518cc7aa [33m404[0m 0.609 ms - 149[0m
[0mGET /restore [32m200[0m 100.695 ms - 50[0m
[0mPOST /sendVCard?key=e8ba436b-eec9-40e6-b88c-bf15518cc7aa [32m201[0m 1035.800 ms - 359[0m
[0mPOST /sendButton?key=e8ba436b-eec9-40e6-b88c-bf15518cc7aa [33m404[0m 1.953 ms - 150[0m
[0mGET /restore [36m304[0m 95.715 ms - -[0m
[0mPOST /sendButton?key=e8ba436b-eec9-40e6-b88c-bf15518cc7aa [32m201[0m 1311.168 ms - 368[0m
[0mPOST /sendButton?key=e8ba436b-eec9-40e6-b88c-bf15518cc7aa [33m403[0m 4.645 ms - 47[0m
[0mGET /restore [36m304[0m 99.336 ms - -[0m
[0mPOST /sendButton?key=e8ba436b-eec9-40e6-b88c-bf15518cc7aa [32m201[0m 2561.895 ms - 366[0m
[0mGET /restore [36m304[0m 102.194 ms - -[0m
[0mPOST /send-message [33m404[0m 1.422 ms - 152[0m
[0mPOST /send-message [33m404[0m 0.800 ms - 152[0m
[0mPOST /send-message [33m404[0m 0.329 ms - 152[0m
[0mPOST /send-message [33m404[0m 0.254 ms - 152[0m
[0mPOST /send-message [33m404[0m 0.221 ms - 152[0m
[0mPOST /send-message [33m404[0m 0.269 ms - 152[0m
[0mPOST /send-message [33m404[0m 0.213 ms - 152[0m
[0mPOST /send-message [33m404[0m 0.317 ms - 152[0m
[0mPOST /send-message [33m404[0m 0.364 ms - 152[0m
[0mPOST /send-message [33m404[0m 0.239 ms - 152[0m
[0mPOST /send-message [33m404[0m 2.509 ms - 152[0m
[0mPOST /send-message [33m404[0m 1.024 ms - 152[0m
[0mPOST /send-message [33m404[0m 0.383 ms - 152[0m
[0mPOST /send-message [33m404[0m 0.326 ms - 152[0m
[0mPOST /send-message [33m404[0m 0.224 ms - 152[0m
[0mPOST /send-message [33m404[0m 0.224 ms - 152[0m
[0mPOST /send-message [33m404[0m 0.492 ms - 152[0m
[0mPOST /send-message [33m404[0m 0.828 ms - 152[0m
[0mPOST /send-message [33m404[0m 0.368 ms - 152[0m
[0mPOST /send-message [33m404[0m 0.316 ms - 152[0m
[0mPOST /send-message [33m404[0m 0.303 ms - 152[0m
[0mPOST /send-message [33m404[0m 0.228 ms - 152[0m
[0mPOST /send-message [33m404[0m 0.233 ms - 152[0m
[0mPOST /send-message [33m404[0m 0.226 ms - 152[0m
[0mPOST /send-message [33m404[0m 0.219 ms - 152[0m
[0mPOST /send-message [33m404[0m 0.346 ms - 152[0m
[0mPOST /send-message [33m404[0m 0.209 ms - 152[0m
[0mPOST /send-message [33m404[0m 0.235 ms - 152[0m
[0mPOST /send-message [33m404[0m 0.212 ms - 152[0m
[0mPOST /send-message [33m404[0m 0.213 ms - 152[0m
[0mPOST /send-message [33m404[0m 0.221 ms - 152[0m
[0mPOST /send-message [33m404[0m 0.239 ms - 152[0m
[0mPOST /send-message [33m404[0m 0.202 ms - 152[0m
[0mPOST /send-message [33m404[0m 0.201 ms - 152[0m
[0mPOST /send-message [33m404[0m 0.192 ms - 152[0m
[0mPOST /send-message [33m404[0m 0.199 ms - 152[0m
[0mPOST /send-message [33m404[0m 0.201 ms - 152[0m
[0mPOST /send-message [33m404[0m 0.207 ms - 152[0m
[0mPOST /send-message [33m404[0m 0.206 ms - 152[0m
[0mPOST /send-message [33m404[0m 0.201 ms - 152[0m
[0mPOST /send-message [33m404[0m 0.202 ms - 152[0m
[0mPOST /send-message [33m404[0m 0.196 ms - 152[0m
[0mPOST /send-message [33m404[0m 0.193 ms - 152[0m
[0mPOST /send-message [33m404[0m 0.198 ms - 152[0m
[0mPOST /send-message [33m404[0m 0.192 ms - 152[0m
[0mPOST /send-message [33m404[0m 0.212 ms - 152[0m
[0mPOST /send-message [33m404[0m 0.217 ms - 152[0m
[0mPOST /send-message [33m404[0m 0.194 ms - 152[0m
[0mPOST /send-message [33m404[0m 0.258 ms - 152[0m
[0mPOST /send-message [33m404[0m 0.191 ms - 152[0m
[0mPOST /send-message [33m404[0m 0.202 ms - 152[0m
[0mPOST /send-message [33m404[0m 0.253 ms - 152[0m
[0mPOST /send-message [33m404[0m 0.201 ms - 152[0m
[0mPOST /send-message [33m404[0m 0.196 ms - 152[0m
[0mPOST /send-message [33m404[0m 0.211 ms - 152[0m
[0mPOST /send-message [33m404[0m 0.229 ms - 152[0m
[0mPOST /send-message [33m404[0m 0.214 ms - 152[0m
[0mPOST /send-message [33m404[0m 0.322 ms - 152[0m
[0mPOST /send-message [33m404[0m 0.197 ms - 152[0m
[0mPOST /send-message [33m404[0m 0.191 ms - 152[0m
[0mPOST /send-message [33m404[0m 0.318 ms - 152[0m
[0mPOST /send-message [33m404[0m 0.212 ms - 152[0m
[0mPOST /send-message [33m404[0m 0.192 ms - 152[0m
[0mPOST /send-message [33m404[0m 0.336 ms - 152[0m
[0mPOST /send-message [33m404[0m 0.218 ms - 152[0m
[0mPOST /send-message [33m404[0m 0.201 ms - 152[0m
[0mPOST /send-message [33m404[0m 0.292 ms - 152[0m
[0mPOST /send-message [33m404[0m 0.198 ms - 152[0m
[0mPOST /send-message [33m404[0m 0.198 ms - 152[0m
[0mPOST /send-message [33m404[0m 0.312 ms - 152[0m
[0mPOST /send-message [33m404[0m 0.326 ms - 152[0m
[0mPOST /send-message [33m404[0m 0.211 ms - 152[0m
[0mPOST /send-message [33m404[0m 0.189 ms - 152[0m
[0mPOST /send-message [33m404[0m 0.183 ms - 152[0m
[0mPOST /send-message [33m404[0m 0.224 ms - 152[0m
[0mPOST /send-message [33m404[0m 0.182 ms - 152[0m
[0mPOST /send-message [33m404[0m 0.187 ms - 152[0m
[0mPOST /send-message [33m404[0m 0.192 ms - 152[0m
[0mPOST /send-message [33m404[0m 0.185 ms - 152[0m
[0mPOST /send-message [33m404[0m 0.183 ms - 152[0m
[0mPOST /send-message [33m404[0m 0.183 ms - 152[0m
[0mPOST /send-message [33m404[0m 0.198 ms - 152[0m
[0mPOST /send-message [33m404[0m 0.182 ms - 152[0m
[0mPOST /send-message [33m404[0m 0.184 ms - 152[0m
[0mPOST /send-message [33m404[0m 0.186 ms - 152[0m
[0mPOST /send-message [33m404[0m 0.181 ms - 152[0m
[0mPOST /send-message [33m404[0m 0.217 ms - 152[0m
[0mPOST /send-message [33m404[0m 0.191 ms - 152[0m
[0mPOST /send-message [33m404[0m 0.182 ms - 152[0m
[0mPOST /send-message [33m404[0m 0.181 ms - 152[0m
[0mPOST /send-message [33m404[0m 0.182 ms - 152[0m
[0mPOST /send-message [33m404[0m 0.203 ms - 152[0m
[0mPOST /send-message [33m404[0m 0.188 ms - 152[0m
[0mPOST /send-message [33m404[0m 0.184 ms - 152[0m
[0mPOST /send-message [33m404[0m 0.258 ms - 152[0m
[0mPOST /send-message [33m404[0m 0.184 ms - 152[0m
[0mPOST /send-message [33m404[0m 0.190 ms - 152[0m
[0mPOST /send-message [33m404[0m 0.212 ms - 152[0m
[0mPOST /send-message [33m404[0m 0.186 ms - 152[0m
[0mPOST /send-message [33m404[0m 0.187 ms - 152[0m
[0mPOST /send-message [33m404[0m 0.207 ms - 152[0m
[0mPOST /send-message [33m404[0m 0.210 ms - 152[0m
[0mPOST /send-message [33m404[0m 0.185 ms - 152[0m
[0mPOST /send-message [33m404[0m 0.184 ms - 152[0m
[0mPOST /send-message [33m404[0m 0.183 ms - 152[0m
[0mPOST /send-message [33m404[0m 0.182 ms - 152[0m
[0mPOST /send-message [33m404[0m 0.183 ms - 152[0m
[0mPOST /send-message [33m404[0m 0.185 ms - 152[0m
[0mPOST /send-message [33m404[0m 0.186 ms - 152[0m
[0mPOST /send-message [33m404[0m 0.225 ms - 152[0m
[0mPOST /send-message [33m404[0m 0.265 ms - 152[0m
[0mPOST /send-message [33m404[0m 0.859 ms - 152[0m
[0mPOST /send-message [33m404[0m 0.184 ms - 152[0m
[0mPOST /send-message [33m404[0m 0.193 ms - 152[0m
[0mPOST /send-message [33m404[0m 0.181 ms - 152[0m
[0mPOST /send-message [33m404[0m 0.185 ms - 152[0m
[0mPOST /send-message [33m404[0m 0.202 ms - 152[0m
[0mPOST /send-message [33m404[0m 0.276 ms - 152[0m
[0mPOST /send-message [33m404[0m 0.181 ms - 152[0m
[0mPOST /send-message [33m404[0m 0.189 ms - 152[0m
[0mPOST /send-message [33m404[0m 0.187 ms - 152[0m
[0mPOST /send-message [33m404[0m 0.259 ms - 152[0m
[0mPOST /send-message [33m404[0m 0.181 ms - 152[0m
[0mPOST /send-message [33m404[0m 0.185 ms - 152[0m
[0mPOST /send-message [33m404[0m 0.752 ms - 152[0m
[0mPOST /send-message [33m404[0m 0.188 ms - 152[0m
[0mPOST /send-message [33m404[0m 0.182 ms - 152[0m
[0mPOST /send-message [33m404[0m 0.183 ms - 152[0m
[0mPOST /send-message [33m404[0m 0.185 ms - 152[0m
[0mPOST /send-message [33m404[0m 0.184 ms - 152[0m
[0mPOST /send-message [33m404[0m 0.183 ms - 152[0m
[0mPOST /send-message [33m404[0m 0.185 ms - 152[0m
[0mPOST /send-message [33m404[0m 0.185 ms - 152[0m
[0mPOST /send-message [33m404[0m 0.183 ms - 152[0m
[0mPOST /send-message [33m404[0m 0.183 ms - 152[0m
[0mPOST /send-message [33m404[0m 0.180 ms - 152[0m
[0mPOST /send-message [33m404[0m 0.181 ms - 152[0m
[0mPOST /send-message [33m404[0m 0.192 ms - 152[0m
[0mPOST /send-message [33m404[0m 0.184 ms - 152[0m
[0mPOST /send-message [33m404[0m 0.209 ms - 152[0m
[0mPOST /send-message [33m404[0m 0.184 ms - 152[0m
[0mPOST /send-message [33m404[0m 0.186 ms - 152[0m
[0mPOST /send-message [33m404[0m 0.193 ms - 152[0m
[0mPOST /send-message [33m404[0m 0.183 ms - 152[0m
[0mPOST /send-message [33m404[0m 0.193 ms - 152[0m
[0mPOST /send-message [33m404[0m 0.210 ms - 152[0m
[0mPOST /send-message [33m404[0m 0.185 ms - 152[0m
[0mPOST /send-message [33m404[0m 0.187 ms - 152[0m
[0mPOST /send-message [33m404[0m 0.224 ms - 152[0m
[0mGET / [32m200[0m 5.688 ms - 52[0m
[0mGET /favicon.ico [33m404[0m 2.079 ms - 45[0m
[0mPOST /send-message [33m404[0m 0.500 ms - 152[0m
[0mGET /restore [32m200[0m 116.076 ms - 50[0m
[0mPOST /send-message [33m404[0m 1.379 ms - 152[0m
[0mGET /socket.io/?EIO=4&transport=websocket [33m404[0m 1.358 ms - 45[0m
[0mGET /socket.io/?EIO=4&transport=websocket [33m404[0m 0.460 ms - 45[0m
[0mGET /socket.io/?EIO=4&transport=websocket [33m404[0m 0.933 ms - 45[0m
[0mGET /socket.io/?EIO=4&transport=websocket [33m404[0m 1.102 ms - 45[0m
[0mGET /socket.io/?EIO=4&transport=websocket [33m404[0m 1.270 ms - 45[0m
[0mGET /socket.io/?EIO=4&transport=websocket [33m404[0m 1.418 ms - 45[0m
[0mGET /socket.io/?EIO=4&transport=websocket [33m404[0m 0.505 ms - 45[0m
[0mGET /socket.io/?EIO=4&transport=websocket [33m404[0m 0.543 ms - 45[0m
[0mGET /socket.io/?EIO=4&transport=websocket [33m404[0m 2.233 ms - 45[0m
[0mGET /socket.io/?EIO=4&transport=websocket [33m404[0m 0.666 ms - 45[0m
[0mPOST /send-message [33m404[0m 0.314 ms - 152[0m
[0mGET /socket.io/?EIO=4&transport=websocket [33m404[0m 3.076 ms - 45[0m
[0mGET /socket.io/?EIO=4&transport=websocket [33m404[0m 0.959 ms - 45[0m
[0mGET /socket.io/?EIO=4&transport=websocket [33m404[0m 0.488 ms - 45[0m
[0mPOST /send-message [33m404[0m 0.224 ms - 152[0m
[0mGET /socket.io/?EIO=4&transport=websocket [33m404[0m 0.316 ms - 45[0m
[0mPOST /send-message [33m404[0m 0.224 ms - 152[0m
[0mGET /socket.io/?EIO=4&transport=websocket [33m404[0m 0.887 ms - 45[0m
[0mPOST /send-message [33m404[0m 0.217 ms - 152[0m
[0mGET /socket.io/?EIO=4&transport=websocket [33m404[0m 1.193 ms - 45[0m
[0mGET /restore [32m200[0m 97.493 ms - 50[0m
[0mPOST /send-message [33m404[0m 1.278 ms - 152[0m
[0mGET /socket.io/?EIO=4&transport=websocket [33m404[0m 2.314 ms - 45[0m
[0mPOST /send-message [33m404[0m 0.311 ms - 152[0m
[0mGET /socket.io/?EIO=4&transport=websocket [33m404[0m 1.262 ms - 45[0m
[0mGET /restore [36m304[0m 5.917 ms - -[0m
[0mDELETE /logout?key=ac85d1ea-e98d-4fab-a624-f29d1769c631 [33m403[0m 5.351 ms - 47[0m
[0mDELETE /logout?key=e8ba436b-eec9-40e6-b88c-bf15518cc7aa [33m403[0m 1.065 ms - 47[0m
[0mPOST /send-message [33m404[0m 1.121 ms - 152[0m
[0mDELETE /logout?key=e8ba436b-eec9-40e6-b88c-bf15518cc7aa [33m403[0m 0.898 ms - 47[0m
[0mGET /restore [36m304[0m 92.196 ms - -[0m
[0mGET /restore [36m304[0m 4.030 ms - -[0m
[0mDELETE /logout?key=e8ba436b-eec9-40e6-b88c-bf15518cc7aa [33m403[0m 1.955 ms - 47[0m
[0mPOST /send-message [33m404[0m 1.217 ms - 152[0m
[0mGET /socket.io/?EIO=4&transport=websocket [33m404[0m 4.258 ms - 45[0m
[0mPOST /send-message [33m404[0m 0.329 ms - 152[0m
[0mGET /socket.io/?EIO=4&transport=websocket [33m404[0m 0.388 ms - 45[0m
[0mPOST /send-message [33m404[0m 0.311 ms - 152[0m
[0mGET /socket.io/?EIO=4&transport=websocket [33m404[0m 1.203 ms - 45[0m
[0mPOST /send-message [33m404[0m 0.288 ms - 152[0m
[0mGET /socket.io/?EIO=4&transport=websocket [33m404[0m 1.213 ms - 45[0m
[0mGET /init [32m200[0m 91.130 ms - 97[0m
[0mGET /qrcode?key=9cab8411-d3bf-451e-86c9-dcb3e4b1d700 [32m200[0m 4.896 ms - 4871[0m
[0mPOST /send-message [33m404[0m 0.230 ms - 152[0m
[0mGET /qrcode?key=9cab8411-d3bf-451e-86c9-dcb3e4b1d700 [32m200[0m 1.360 ms - 4891[0m
[0mGET /socket.io/?EIO=4&transport=websocket [33m404[0m 1.494 ms - 45[0m
[0mGET /instance?key=9cab8411-d3bf-451e-86c9-dcb3e4b1d700 [32m200[0m 0.877 ms - 477[0m
[0mPOST /send-message [33m404[0m 0.227 ms - 152[0m
[0mDELETE /logout?key=9cab8411-d3bf-451e-86c9-dcb3e4b1d700 [32m200[0m 0.433 ms - 46[0m
[0mGET /socket.io/?EIO=4&transport=websocket [33m404[0m 1.116 ms - 45[0m
[0mGET /instance?key=9cab8411-d3bf-451e-86c9-dcb3e4b1d700 [36m304[0m 0.554 ms - -[0m
[0mDELETE /logout?key=9cab8411-d3bf-451e-86c9-dcb3e4b1d700 [32m200[0m 0.399 ms - 46[0m
[0mPOST /send-message [33m404[0m 0.218 ms - 152[0m
[0mDELETE /delete?key=9cab8411-d3bf-451e-86c9-dcb3e4b1d700 [32m200[0m 0.863 ms - 57[0m
[0mGET /socket.io/?EIO=4&transport=websocket [33m404[0m 0.874 ms - 45[0m
[0mGET /instance?key=9cab8411-d3bf-451e-86c9-dcb3e4b1d700 [33m403[0m 0.379 ms - 47[0m
[0mGET /restore [36m304[0m 3.574 ms - -[0m
[0mPOST /send-message [33m404[0m 0.384 ms - 152[0m
[0mGET /instance?key=9cab8411-d3bf-451e-86c9-dcb3e4b1d700 [32m200[0m 0.463 ms - 477[0m
[0mGET /socket.io/?EIO=4&transport=websocket [33m404[0m 0.870 ms - 45[0m
[0mDELETE /logout?key=9cab8411-d3bf-451e-86c9-dcb3e4b1d700 [32m200[0m 0.405 ms - 46[0m
[0mDELETE /delete?key=9cab8411-d3bf-451e-86c9-dcb3e4b1d700 [32m200[0m 0.577 ms - 57[0m
[0mPOST /send-message [33m404[0m 0.278 ms - 152[0m
[0mDELETE /logout?key=9cab8411-d3bf-451e-86c9-dcb3e4b1d700 [33m403[0m 0.426 ms - 47[0m
[0mGET /socket.io/?EIO=4&transport=websocket [33m404[0m 1.040 ms - 45[0m
[0mPOST /send-message [33m404[0m 0.217 ms - 152[0m
[0mGET /socket.io/?EIO=4&transport=websocket [33m404[0m 0.972 ms - 45[0m
[0mPOST /sendText?key=9cab8411-d3bf-451e-86c9-dcb3e4b1d700 [33m403[0m 0.293 ms - 47[0m
[0mPOST /send-message [33m404[0m 0.272 ms - 152[0m
[0mGET /socket.io/?EIO=4&transport=websocket [33m404[0m 0.260 ms - 45[0m
[0mDELETE /delete?key=9cab8411-d3bf-451e-86c9-dcb3e4b1d700 [33m403[0m 0.390 ms - 47[0m
[0mPOST /send-message [33m404[0m 0.211 ms - 152[0m
[0mDELETE /logout?key=9cab8411-d3bf-451e-86c9-dcb3e4b1d700 [33m403[0m 0.453 ms - 47[0m
[0mDELETE /delete?key=9cab8411-d3bf-451e-86c9-dcb3e4b1d700 [33m403[0m 0.458 ms - 47[0m
[0mGET /socket.io/?EIO=4&transport=websocket [33m404[0m 1.074 ms - 45[0m
[0mPOST /send-message [33m404[0m 0.727 ms - 152[0m
[0mGET /socket.io/?EIO=4&transport=websocket [33m404[0m 0.830 ms - 45[0m
[0mPOST /send-message [33m404[0m 0.354 ms - 152[0m
[0mGET /socket.io/?EIO=4&transport=websocket [33m404[0m 0.366 ms - 45[0m
[0mPOST /send-message [33m404[0m 0.217 ms - 152[0m
[0mGET /socket.io/?EIO=4&transport=websocket [33m404[0m 1.282 ms - 45[0m
[0mGET /restore [36m304[0m 6.212 ms - -[0m
[0mDELETE /delete?key=9cab8411-d3bf-451e-86c9-dcb3e4b1d700 [33m403[0m 3.513 ms - 47[0m
[0mGET /restore [36m304[0m 92.608 ms - -[0m
